Performing C SOURCE FILE Test CMAKE_HAVE_LIBC_PTHREAD failed with the following output:
Change Dir: /home/colab/CLionProjects/SnakeGameSDL/cmake-build-debug/CMakeFiles/CMakeTmp

Run Build Command(s):/usr/bin/make cmTC_e4f54/fast && make[1]: Entering directory '/home/colab/CLionProjects/SnakeGameSDL/cmake-build-debug/CMakeFiles/CMakeTmp'
/usr/bin/make -f CMakeFiles/cmTC_e4f54.dir/build.make CMakeFiles/cmTC_e4f54.dir/build
make[2]: Entering directory '/home/colab/CLionProjects/SnakeGameSDL/cmake-build-debug/CMakeFiles/CMakeTmp'
Building C object CMakeFiles/cmTC_e4f54.dir/src.c.o
/usr/bin/cc   -DCMAKE_HAVE_LIBC_PTHREAD   -o CMakeFiles/cmTC_e4f54.dir/src.c.o   -c /home/colab/CLionProjects/SnakeGameSDL/cmake-build-debug/CMakeFiles/CMakeTmp/src.c
Linking C executable cmTC_e4f54
/home/colab/AAApplications/Cpp/clion-2019.3.4/bin/cmake/linux/bin/cmake -E cmake_link_script CMakeFiles/cmTC_e4f54.dir/link.txt --verbose=1
/usr/bin/cc  -DCMAKE_HAVE_LIBC_PTHREAD    CMakeFiles/cmTC_e4f54.dir/src.c.o  -o cmTC_e4f54 
/usr/bin/ld: CMakeFiles/cmTC_e4f54.dir/src.c.o: in function `main':
src.c:(.text+0x46): undefined reference to `pthread_create'
/usr/bin/ld: src.c:(.text+0x52): undefined reference to `pthread_detach'
/usr/bin/ld: src.c:(.text+0x63): undefined reference to `pthread_join'
collect2: error: ld returned 1 exit status
make[2]: *** [CMakeFiles/cmTC_e4f54.dir/build.make:87: cmTC_e4f54] Error 1
make[2]: Leaving directory '/home/colab/CLionProjects/SnakeGameSDL/cmake-build-debug/CMakeFiles/CMakeTmp'
make[1]: *** [Makefile:121: cmTC_e4f54/fast] Error 2
make[1]: Leaving directory '/home/colab/CLionProjects/SnakeGameSDL/cmake-build-debug/CMakeFiles/CMakeTmp'


Source file was:
#include <pthread.h>

void* test_func(void* data)
{
  return data;
}

int main(void)
{
  pthread_t thread;
  pthread_create(&thread, NULL, test_func, NULL);
  pthread_detach(thread);
  pthread_join(thread, NULL);
  pthread_atfork(NULL, NULL, NULL);
  pthread_exit(NULL);

  return 0;
}

Determining if the function pthread_create exists in the pthreads failed with the following output:
Change Dir: /home/colab/CLionProjects/SnakeGameSDL/cmake-build-debug/CMakeFiles/CMakeTmp

Run Build Command(s):/usr/bin/make cmTC_8403e/fast && make[1]: Entering directory '/home/colab/CLionProjects/SnakeGameSDL/cmake-build-debug/CMakeFiles/CMakeTmp'
/usr/bin/make -f CMakeFiles/cmTC_8403e.dir/build.make CMakeFiles/cmTC_8403e.dir/build
make[2]: Entering directory '/home/colab/CLionProjects/SnakeGameSDL/cmake-build-debug/CMakeFiles/CMakeTmp'
Building C object CMakeFiles/cmTC_8403e.dir/CheckFunctionExists.c.o
/usr/bin/cc   -DCHECK_FUNCTION_EXISTS=pthread_create   -o CMakeFiles/cmTC_8403e.dir/CheckFunctionExists.c.o   -c /home/colab/AAApplications/Cpp/clion-2019.3.4/bin/cmake/linux/share/cmake-3.15/Modules/CheckFunctionExists.c
Linking C executable cmTC_8403e
/home/colab/AAApplications/Cpp/clion-2019.3.4/bin/cmake/linux/bin/cmake -E cmake_link_script CMakeFiles/cmTC_8403e.dir/link.txt --verbose=1
/usr/bin/cc  -DCHECK_FUNCTION_EXISTS=pthread_create    CMakeFiles/cmTC_8403e.dir/CheckFunctionExists.c.o  -o cmTC_8403e -lpthreads 
/usr/bin/ld: cannot find -lpthreads
collect2: error: ld returned 1 exit status
make[2]: *** [CMakeFiles/cmTC_8403e.dir/build.make:87: cmTC_8403e] Error 1
make[2]: Leaving directory '/home/colab/CLionProjects/SnakeGameSDL/cmake-build-debug/CMakeFiles/CMakeTmp'
make[1]: *** [Makefile:121: cmTC_8403e/fast] Error 2
make[1]: Leaving directory '/home/colab/CLionProjects/SnakeGameSDL/cmake-build-debug/CMakeFiles/CMakeTmp'



